This is pdfTeXk, Version 3.141592-1.40.3 (Web2C 7.5.6) (format=pdflatex 2010.6.4)  4 APR 2011 09:17
entering extended mode
 %&-line parsing enabled.
**paper.tex
(./paper.tex
LaTeX2e <2005/12/01>
Babel <v3.8h> and hyphenation patterns for english, usenglishmax, dumylang, noh
yphenation, arabic, basque, bulgarian, coptic, welsh, czech, slovak, german, ng
erman, danish, esperanto, spanish, catalan, galician, estonian, farsi, finnish,
 french, greek, monogreek, ancientgreek, croatian, hungarian, interlingua, ibyc
us, indonesian, icelandic, italian, latin, mongolian, dutch, norsk, polish, por
tuguese, pinyin, romanian, russian, slovenian, uppersorbian, serbian, swedish, 
turkish, ukenglish, ukrainian, loaded.
(/usr/share/texmf/tex/latex/IEEEtran/IEEEtran.cls
Document Class: IEEEtran 2007/03/05 V1.7a by Michael Shell
-- See the "IEEEtran_HOWTO" manual for usage information.
-- http://www.michaelshell.org/tex/ieeetran/
\@IEEEtrantmpdimenA=\dimen102
\@IEEEtrantmpdimenB=\dimen103
\@IEEEtrantmpcountA=\count79
\@IEEEtrantmpcountB=\count80
\@IEEEtrantmptoksA=\toks14
LaTeX Font Info:    Try loading font information for OT1+ptm on input line 366.

(/usr/share/texmf/tex/latex/psnfss/ot1ptm.fd
File: ot1ptm.fd 2001/06/04 font definitions for OT1/ptm.
)
-- Using 8.5in x 11in (letter) paper.
-- Using PDF output.
\@IEEEnormalsizeunitybaselineskip=\dimen104
-- This is a 10 point document.
\CLASSINFOnormalsizebaselineskip=\dimen105
\CLASSINFOnormalsizeunitybaselineskip=\dimen106
\IEEEnormaljot=\dimen107
LaTeX Font Info:    Font shape `OT1/ptm/bx/n' in size <5> not available
(Font)              Font shape `OT1/ptm/b/n' tried instead on input line 724.
LaTeX Font Info:    Font shape `OT1/ptm/bx/it' in size <5> not available
(Font)              Font shape `OT1/ptm/b/it' tried instead on input line 724.
LaTeX Font Info:    Font shape `OT1/ptm/bx/n' in size <7> not available
(Font)              Font shape `OT1/ptm/b/n' tried instead on input line 724.
LaTeX Font Info:    Font shape `OT1/ptm/bx/it' in size <7> not available
(Font)              Font shape `OT1/ptm/b/it' tried instead on input line 724.
LaTeX Font Info:    Font shape `OT1/ptm/bx/n' in size <8> not available
(Font)              Font shape `OT1/ptm/b/n' tried instead on input line 724.
LaTeX Font Info:    Font shape `OT1/ptm/bx/it' in size <8> not available
(Font)              Font shape `OT1/ptm/b/it' tried instead on input line 724.
LaTeX Font Info:    Font shape `OT1/ptm/bx/n' in size <9> not available
(Font)              Font shape `OT1/ptm/b/n' tried instead on input line 724.
LaTeX Font Info:    Font shape `OT1/ptm/bx/it' in size <9> not available
(Font)              Font shape `OT1/ptm/b/it' tried instead on input line 724.
LaTeX Font Info:    Font shape `OT1/ptm/bx/n' in size <10> not available
(Font)              Font shape `OT1/ptm/b/n' tried instead on input line 724.
LaTeX Font Info:    Font shape `OT1/ptm/bx/it' in size <10> not available
(Font)              Font shape `OT1/ptm/b/it' tried instead on input line 724.
LaTeX Font Info:    Font shape `OT1/ptm/bx/n' in size <11> not available
(Font)              Font shape `OT1/ptm/b/n' tried instead on input line 724.
LaTeX Font Info:    Font shape `OT1/ptm/bx/it' in size <11> not available
(Font)              Font shape `OT1/ptm/b/it' tried instead on input line 724.
LaTeX Font Info:    Font shape `OT1/ptm/bx/n' in size <12> not available
(Font)              Font shape `OT1/ptm/b/n' tried instead on input line 724.
LaTeX Font Info:    Font shape `OT1/ptm/bx/it' in size <12> not available
(Font)              Font shape `OT1/ptm/b/it' tried instead on input line 724.
LaTeX Font Info:    Font shape `OT1/ptm/bx/n' in size <17> not available
(Font)              Font shape `OT1/ptm/b/n' tried instead on input line 724.
LaTeX Font Info:    Font shape `OT1/ptm/bx/it' in size <17> not available
(Font)              Font shape `OT1/ptm/b/it' tried instead on input line 724.
LaTeX Font Info:    Font shape `OT1/ptm/bx/n' in size <20> not available
(Font)              Font shape `OT1/ptm/b/n' tried instead on input line 724.
LaTeX Font Info:    Font shape `OT1/ptm/bx/it' in size <20> not available
(Font)              Font shape `OT1/ptm/b/it' tried instead on input line 724.
LaTeX Font Info:    Font shape `OT1/ptm/bx/n' in size <24> not available
(Font)              Font shape `OT1/ptm/b/n' tried instead on input line 724.
LaTeX Font Info:    Font shape `OT1/ptm/bx/it' in size <24> not available
(Font)              Font shape `OT1/ptm/b/it' tried instead on input line 724.
\IEEEilabelindentA=\dimen108
\IEEEilabelindentB=\dimen109
\IEEEilabelindent=\dimen110
\IEEEelabelindent=\dimen111
\IEEEdlabelindent=\dimen112
\IEEElabelindent=\dimen113
\IEEEiednormlabelsep=\dimen114
\IEEEiedmathlabelsep=\dimen115
\IEEEiedtopsep=\skip41
\c@section=\count81
\c@subsection=\count82
\c@subsubsection=\count83
\c@paragraph=\count84
\c@IEEEsubequation=\count85
\abovecaptionskip=\skip42
\belowcaptionskip=\skip43
\c@figure=\count86
\c@table=\count87
\@IEEEeqnnumcols=\count88
\@IEEEeqncolcnt=\count89
\@IEEEtmpitemindent=\dimen116
\c@IEEEbiography=\count90
\@IEEEtranrubishbin=\box26
) (/usr/share/texmf/tex/latex/setspace/setspace.sty
Package: setspace 2000/12/01 6.7 Contributed and Supported LaTeX2e package

Package: `setspace' 6.7 <2000/12/01>
) (./psfig.sty
\@unused=\write3
\ps@stream=\read1
\p@intvaluex=\dimen117
\p@intvaluey=\dimen118
) (/usr/share/texmf/tex/latex/ltxmisc/boxedminipage.sty)
(/usr/share/texmf/tex/latex/multirow/multirow.sty
\bigstrutjot=\dimen119
)
(/usr/share/texmf/tex/latex/amsmath/amsmath.sty
Package: amsmath 2000/07/18 v2.13 AMS math features
\@mathmargin=\skip44

For additional information on amsmath, use the `?' option.
(/usr/share/texmf/tex/latex/amsmath/amstext.sty
Package: amstext 2000/06/29 v2.01

(/usr/share/texmf/tex/latex/amsmath/amsgen.sty
File: amsgen.sty 1999/11/30 v2.0
\@emptytoks=\toks15
\ex@=\dimen120
))
(/usr/share/texmf/tex/latex/amsmath/amsbsy.sty
Package: amsbsy 1999/11/29 v1.2d
\pmbraise@=\dimen121
)
(/usr/share/texmf/tex/latex/amsmath/amsopn.sty
Package: amsopn 1999/12/14 v2.01 operator names
)
\inf@bad=\count91
LaTeX Info: Redefining \frac on input line 211.
\uproot@=\count92
\leftroot@=\count93
LaTeX Info: Redefining \overline on input line 307.
\classnum@=\count94
\DOTSCASE@=\count95
LaTeX Info: Redefining \ldots on input line 379.
LaTeX Info: Redefining \dots on input line 382.
LaTeX Info: Redefining \cdots on input line 467.
\Mathstrutbox@=\box27
\strutbox@=\box28
\big@size=\dimen122
LaTeX Font Info:    Redeclaring font encoding OML on input line 567.
LaTeX Font Info:    Redeclaring font encoding OMS on input line 568.
\macc@depth=\count96
\c@MaxMatrixCols=\count97
\dotsspace@=\muskip10
\c@parentequation=\count98
\dspbrk@lvl=\count99
\tag@help=\toks16
\row@=\count100
\column@=\count101
\maxfields@=\count102
\andhelp@=\toks17
\eqnshift@=\dimen123
\alignsep@=\dimen124
\tagshift@=\dimen125
\tagwidth@=\dimen126
\totwidth@=\dimen127
\lineht@=\dimen128
\@envbody=\toks18
\multlinegap=\skip45
\multlinetaggap=\skip46
\mathdisplay@stack=\toks19
LaTeX Info: Redefining \[ on input line 2666.
LaTeX Info: Redefining \] on input line 2667.
)
(/usr/share/texmf/tex/latex/cite/cite.sty
LaTeX Info: Redefining \cite on input line 149.
LaTeX Info: Redefining \nocite on input line 214.
Package: cite 2003/11/04  v 4.01
)
(/usr/share/texmf/tex/latex/psnfss/times.sty
Package: times 2005/04/12 PSNFSS-v9.2a (SPQR) 
)
(/usr/share/texmf/tex/latex/graphics/graphicx.sty
Package: graphicx 1999/02/16 v1.0f Enhanced LaTeX Graphics (DPC,SPQR)

(/usr/share/texmf/tex/latex/graphics/keyval.sty
Package: keyval 1999/03/16 v1.13 key=value parser (DPC)
\KV@toks@=\toks20
)
(/usr/share/texmf/tex/latex/graphics/graphics.sty
Package: graphics 2006/02/20 v1.0o Standard LaTeX Graphics (DPC,SPQR)

(/usr/share/texmf/tex/latex/graphics/trig.sty
Package: trig 1999/03/16 v1.09 sin cos tan (DPC)
)
(/usr/share/texmf/tex/latex/config/graphics.cfg
File: graphics.cfg 2007/01/18 v1.5 graphics configuration of teTeX/TeXLive
)
Package graphics Info: Driver file: pdftex.def on input line 90.

(/usr/share/texmf/tex/latex/pdftex-def/pdftex.def
File: pdftex.def 2007/01/08 v0.04d Graphics/color for pdfTeX
\Gread@gobject=\count103
))
\Gin@req@height=\dimen129
\Gin@req@width=\dimen130
)
(/usr/share/texmf/tex/latex/comment/comment.sty
\CommentStream=\write4
 Excluding comment 'comment')
(/usr/share/texmf/tex/latex/subfigure/subfigure.sty
Package: subfigure 2002/03/15 v2.1.5 subfigure package
\subfigtopskip=\skip47
\subfigcapskip=\skip48
\subfigcaptopadj=\dimen131
\subfigbottomskip=\skip49
\subfigcapmargin=\dimen132
\subfiglabelskip=\skip50
\c@subfigure=\count104
\c@lofdepth=\count105
\c@subtable=\count106
\c@lotdepth=\count107

****************************************
* Local config file subfigure.cfg used *
****************************************
(/usr/share/texmf/tex/latex/subfigure/subfigure.cfg)
\subfig@top=\skip51
\subfig@bottom=\skip52
)
(/usr/share/texmf/tex/latex/wrapfig/wrapfig.sty
\wrapoverhang=\dimen133
\WF@size=\dimen134
\c@WF@wrappedlines=\count108
\WF@box=\box29
\WF@everypar=\toks21
Package: wrapfig 2003/01/31  v 3.6
) (./paper.aux)
\openout1 = `paper.aux'.

LaTeX Font Info:    Checking defaults for OML/cmm/m/it on input line 17.
LaTeX Font Info:    ... okay on input line 17.
LaTeX Font Info:    Checking defaults for T1/cmr/m/n on input line 17.
LaTeX Font Info:    ... okay on input line 17.
LaTeX Font Info:    Checking defaults for OT1/cmr/m/n on input line 17.
LaTeX Font Info:    ... okay on input line 17.
LaTeX Font Info:    Checking defaults for OMS/cmsy/m/n on input line 17.
LaTeX Font Info:    ... okay on input line 17.
LaTeX Font Info:    Checking defaults for OMX/cmex/m/n on input line 17.
LaTeX Font Info:    ... okay on input line 17.
LaTeX Font Info:    Checking defaults for U/cmr/m/n on input line 17.
LaTeX Font Info:    ... okay on input line 17.


LaTeX Warning: No \author given.


LaTeX Warning: No \author given.


LaTeX Warning: Citation `nvidia:tesla' on page 1 undefined on input line 66.

[1{/usr/share/texmf/fonts/map/pdftex/updmap/pdftex.map}


]

LaTeX Warning: Citation `Yu:2010:OCMB' on page 2 undefined on input line 130.

Missing character: There is no ¡ in font ptmr7t!
Missing character: There is no ¯ in font ptmr7t!

LaTeX Warning: Citation `Sarikaya:2011:RWBP' on page 2 undefined on input line 
160.



pdfTeX warning: pdflatex (file ./figures/mram_cell.pdf): PDF inclusion: found P
DF version <1.5>, but at most version <1.4> allowed
<figures/mram_cell.pdf, id=9, 565.11125pt x 257.96375pt>
File: figures/mram_cell.pdf Graphic file (type pdf)

<use figures/mram_cell.pdf>

pdfTeX warning: pdflatex (file ./figures/memristor.pdf): PDF inclusion: found P
DF version <1.5>, but at most version <1.4> allowed
<figures/memristor.pdf, id=10, 479.7925pt x 271.33371pt>
File: figures/memristor.pdf Graphic file (type pdf)

<use figures/memristor.pdf>

pdfTeX warning: pdflatex (file ./figures/RAM_bandwidth.pdf): PDF inclusion: fou
nd PDF version <1.5>, but at most version <1.4> allowed
<figures/RAM_bandwidth.pdf, id=11, 647.28746pt x 234.09155pt>
File: figures/RAM_bandwidth.pdf Graphic file (type pdf)

<use figures/RAM_bandwidth.pdf> [2 <./figures/mram_cell.pdf> <./figures/memrist
or.pdf>]

pdfTeX warning: pdflatex (file ./figures/RAM_latency.pdf): PDF inclusion: found
 PDF version <1.5>, but at most version <1.4> allowed
<figures/RAM_latency.pdf, id=43, 656.32121pt x 234.09155pt>
File: figures/RAM_latency.pdf Graphic file (type pdf)

<use figures/RAM_latency.pdf>

pdfTeX warning: pdflatex (file ./figures/RAM_energy.pdf): PDF inclusion: found 
PDF version <1.5>, but at most version <1.4> allowed
<figures/RAM_energy.pdf, id=44, 656.32121pt x 234.09155pt>
File: figures/RAM_energy.pdf Graphic file (type pdf)

<use figures/RAM_energy.pdf> [3 <./figures/RAM_bandwidth.pdf>]
Underfull \vbox (badness 10000) has occurred while \output is active []

 [4 <./figures/RAM_latency.pdf> <./figures/RAM_energy.pdf>]

pdfTeX warning: pdflatex (file ./figures/thput-l2l3-1.pdf): PDF inclusion: foun
d PDF version <1.5>, but at most version <1.4> allowed
<figures/thput-l2l3-1.pdf, id=90, 342.05792pt x 196.45796pt>
File: figures/thput-l2l3-1.pdf Graphic file (type pdf)

<use figures/thput-l2l3-1.pdf>

pdfTeX warning: pdflatex (file ./figures/thput-l2l3-2.pdf): PDF inclusion: foun
d PDF version <1.5>, but at most version <1.4> allowed
<figures/thput-l2l3-2.pdf, id=91, 344.05136pt x 202.44232pt>
File: figures/thput-l2l3-2.pdf Graphic file (type pdf)

<use figures/thput-l2l3-2.pdf>

pdfTeX warning: pdflatex (file ./figures/canneal-l2l3.pdf): PDF inclusion: foun
d PDF version <1.5>, but at most version <1.4> allowed
<figures/canneal-l2l3.pdf, id=92, 349.03801pt x 199.45015pt>
File: figures/canneal-l2l3.pdf Graphic file (type pdf)

<use figures/canneal-l2l3.pdf>

pdfTeX warning: pdflatex (file ./figures/ferret-l2l3.pdf): PDF inclusion: found
 PDF version <1.5>, but at most version <1.4> allowed
<figures/ferret-l2l3.pdf, id=93, 346.04683pt x 203.44005pt>
File: figures/ferret-l2l3.pdf Graphic file (type pdf)

<use figures/ferret-l2l3.pdf>

pdfTeX warning: pdflatex (file ./figures/thput-l2l3l4-1.pdf): PDF inclusion: fo
und PDF version <1.5>, but at most version <1.4> allowed
<figures/thput-l2l3l4-1.pdf, id=94, 343.05466pt x 204.43678pt>
File: figures/thput-l2l3l4-1.pdf Graphic file (type pdf)

<use figures/thput-l2l3l4-1.pdf>

pdfTeX warning: pdflatex (file ./figures/thput-l2l3l4-2.pdf): PDF inclusion: fo
und PDF version <1.5>, but at most version <1.4> allowed
<figures/thput-l2l3l4-2.pdf, id=95, 344.05136pt x 195.46124pt>
File: figures/thput-l2l3l4-2.pdf Graphic file (type pdf)

<use figures/thput-l2l3l4-2.pdf>

pdfTeX warning: pdflatex (file ./figures/canneal-l2l3l4.pdf): PDF inclusion: fo
und PDF version <1.5>, but at most version <1.4> allowed
<figures/canneal-l2l3l4.pdf, id=96, 342.05792pt x 200.44687pt>
File: figures/canneal-l2l3l4.pdf Graphic file (type pdf)

<use figures/canneal-l2l3l4.pdf>

pdfTeX warning: pdflatex (file ./figures/ferret-l2l3l4.pdf): PDF inclusion: fou
nd PDF version <1.5>, but at most version <1.4> allowed
<figures/ferret-l2l3l4.pdf, id=97, 342.05692pt x 208.42567pt>
File: figures/ferret-l2l3l4.pdf Graphic file (type pdf)

<use figures/ferret-l2l3l4.pdf>

pdfTeX warning: pdflatex (file ./figures/canneal.pdf): PDF inclusion: found PDF
 version <1.5>, but at most version <1.4> allowed
<figures/canneal.pdf, id=98, 485.6614pt x 236.349pt>
File: figures/canneal.pdf Graphic file (type pdf)
 <use figures/canneal.pdf>

pdfTeX warning: pdflatex (file ./figures/ferret.pdf): PDF inclusion: found PDF 
version <1.5>, but at most version <1.4> allowed
<figures/ferret.pdf, id=99, 479.67908pt x 239.34119pt>
File: figures/ferret.pdf Graphic file (type pdf)

<use figures/ferret.pdf> (./paper.bbl) [5] [6 <./figures/thput-l2l3-1.pdf, page
 is rotated 90 degrees> <./figures/thput-l2l3-2.pdf, page is rotated 90 degrees
> <./figures/canneal-l2l3.pdf, page is rotated 90 degrees> <./figures/ferret-l2
l3.pdf, page is rotated 90 degrees> <./figures/thput-l2l3l4-1.pdf, page is rota
ted 90 degrees> <./figures/thput-l2l3l4-2.pdf, page is rotated 90 degrees> <./f
igures/canneal-l2l3l4.pdf, page is rotated 90 degrees> <./figures/ferret-l2l3l4
.pdf, page is rotated 90 degrees>] [7 <./figures/canneal.pdf, page is rotated 9
0 degrees> <./figures/ferret.pdf, page is rotated 90 degrees>] (./paper.aux)

LaTeX Warning: There were undefined references.

 ) 
Here is how much of TeX's memory you used:
 2556 strings out of 256216
 36627 string characters out of 1917073
 96789 words of memory out of 1500000
 5818 multiletter control sequences out of 10000+200000
 37428 words of font info for 68 fonts, out of 1200000 for 2000
 645 hyphenation exceptions out of 8191
 27i,9n,24p,322b,250s stack positions out of 5000i,500n,6000p,200000b,15000s
{/usr/share/texmf/fonts/enc/dvips/base/8r.enc}</usr/share/texmf/fonts/type1/b
luesky/cm/cmsy7.pfb></usr/share/texmf/fonts/type1/urw/times/utmb8a.pfb></usr/sh
are/texmf/fonts/type1/urw/times/utmbi8a.pfb></usr/share/texmf/fonts/type1/urw/t
imes/utmr8a.pfb></usr/share/texmf/fonts/type1/urw/times/utmri8a.pfb>
Output written on paper.pdf (7 pages, 1182896 bytes).
PDF statistics:
 288 PDF objects out of 1000 (max. 8388607)
 0 named destinations out of 1000 (max. 131072)
 76 words of extra memory for PDF output out of 10000 (max. 10000000)

